2025-05-30 16:31:52,019 - enhanced_regression_framework - INFO - Starting complete regression workflow
2025-05-30 16:31:52,020 - enhanced_regression_framework - INFO - Starting data loading and validation
2025-05-30 16:31:52,038 - enhanced_regression_framework - INFO - Data loaded successfully: (1000, 6)
2025-05-30 16:31:52,039 - enhanced_regression_framework - INFO - Starting data preprocessing
2025-05-30 16:31:52,040 - enhanced_regression_framework - INFO - Found categorical columns: ['division', 'level of education']
2025-05-30 16:31:52,043 - enhanced_regression_framework - INFO - Preprocessing complete. Final features: 11
2025-05-30 16:31:52,044 - enhanced_regression_framework - INFO - Starting model training and evaluation
2025-05-30 16:31:52,046 - enhanced_regression_framework - INFO - Initialized 3 models: ['linear', 'ridge', 'random_forest']
2025-05-30 16:31:52,047 - enhanced_regression_framework - INFO - Training linear
2025-05-30 16:31:53,294 - enhanced_regression_framework - INFO - linear: R² = 0.957, RMSE = 22751.942
2025-05-30 16:31:53,294 - enhanced_regression_framework - INFO - Training ridge
2025-05-30 16:31:53,816 - enhanced_regression_framework - INFO - ridge: R² = 0.957, RMSE = 22749.640
2025-05-30 16:31:53,816 - enhanced_regression_framework - INFO - Training random_forest
2025-05-30 16:31:54,506 - enhanced_regression_framework - INFO - random_forest: R² = 0.925, RMSE = 30211.834
2025-05-30 16:31:54,507 - enhanced_regression_framework - INFO - Model evaluation complete. Best model: ridge
2025-05-30 16:31:54,507 - enhanced_regression_framework - INFO - Starting hyperparameter optimization
2025-05-30 16:31:54,995 - enhanced_regression_framework - INFO - Optimized ridge: Best CV score = 0.945
2025-05-30 16:31:55,009 - enhanced_regression_framework - INFO - ridge_optimized: R² = 0.957, RMSE = 22737.967
2025-05-30 16:31:55,009 - enhanced_regression_framework - INFO - Hyperparameter optimization did not improve performance
2025-05-30 16:31:55,009 - enhanced_regression_framework - INFO - Starting model interpretation
2025-05-30 16:31:55,013 - enhanced_regression_framework - INFO - Model interpretation complete
2025-05-30 16:31:55,014 - enhanced_regression_framework - INFO - Creating visualizations
2025-05-30 16:31:55,152 - enhanced_regression_framework - INFO - Visualizations created successfully
2025-05-30 16:31:55,152 - enhanced_regression_framework - INFO - Creating deployment package
2025-05-30 16:31:55,153 - enhanced_regression_framework - ERROR - Deployment package creation failed: keys must be str, int, float, bool or None, not Int64DType
2025-05-30 16:32:07,726 - enhanced_regression_framework - INFO - Starting complete regression workflow
2025-05-30 16:32:07,727 - enhanced_regression_framework - INFO - Starting data loading and validation
2025-05-30 16:32:07,740 - enhanced_regression_framework - INFO - Data loaded successfully: (1000, 6)
2025-05-30 16:32:07,741 - enhanced_regression_framework - INFO - Starting data preprocessing
2025-05-30 16:32:07,743 - enhanced_regression_framework - INFO - Found categorical columns: ['division', 'level of education']
2025-05-30 16:32:07,746 - enhanced_regression_framework - INFO - Preprocessing complete. Final features: 11
2025-05-30 16:32:07,746 - enhanced_regression_framework - INFO - Starting model training and evaluation
2025-05-30 16:32:07,748 - enhanced_regression_framework - INFO - Initialized 3 models: ['linear', 'ridge', 'random_forest']
2025-05-30 16:32:07,748 - enhanced_regression_framework - INFO - Training linear
2025-05-30 16:32:08,382 - enhanced_regression_framework - INFO - linear: R² = 0.957, RMSE = 22751.942
2025-05-30 16:32:08,382 - enhanced_regression_framework - INFO - Training ridge
2025-05-30 16:32:08,398 - enhanced_regression_framework - INFO - ridge: R² = 0.957, RMSE = 22749.640
2025-05-30 16:32:08,398 - enhanced_regression_framework - INFO - Training random_forest
2025-05-30 16:32:08,682 - enhanced_regression_framework - INFO - random_forest: R² = 0.925, RMSE = 30211.834
2025-05-30 16:32:08,683 - enhanced_regression_framework - INFO - Model evaluation complete. Best model: ridge
2025-05-30 16:32:08,683 - enhanced_regression_framework - INFO - Starting hyperparameter optimization
2025-05-30 16:32:08,710 - enhanced_regression_framework - INFO - Optimized ridge: Best CV score = 0.944
2025-05-30 16:32:08,724 - enhanced_regression_framework - INFO - ridge_optimized: R² = 0.957, RMSE = 22737.967
2025-05-30 16:32:08,724 - enhanced_regression_framework - INFO - Hyperparameter optimization did not improve performance
2025-05-30 16:32:08,724 - enhanced_regression_framework - INFO - Starting model interpretation
2025-05-30 16:32:08,727 - enhanced_regression_framework - INFO - Model interpretation complete
2025-05-30 16:32:08,728 - enhanced_regression_framework - INFO - Creating visualizations
2025-05-30 16:32:08,776 - enhanced_regression_framework - INFO - Visualizations created successfully
2025-05-30 16:32:08,776 - enhanced_regression_framework - INFO - Creating deployment package
2025-05-30 16:32:08,778 - enhanced_regression_framework - ERROR - Deployment package creation failed: keys must be str, int, float, bool or None, not Int64DType
