2025-05-31 09:35:24,510 - enhanced_regression_framework - INFO - Starting complete regression workflow
2025-05-31 09:35:24,513 - enhanced_regression_framework - INFO - Starting data loading and validation
2025-05-31 09:35:24,523 - enhanced_regression_framework - INFO - Data loaded successfully: (800, 6)
2025-05-31 09:35:24,523 - enhanced_regression_framework - INFO - Starting data preprocessing
2025-05-31 09:35:24,524 - enhanced_regression_framework - INFO - Preprocessing complete. Final features: 5
2025-05-31 09:35:24,524 - enhanced_regression_framework - INFO - Starting model training and evaluation
2025-05-31 09:35:24,525 - enhanced_regression_framework - INFO - Initialized 4 models: ['linear', 'ridge', 'random_forest', 'gradient_boosting']
2025-05-31 09:35:24,525 - enhanced_regression_framework - INFO - Training linear
2025-05-31 09:35:24,545 - enhanced_regression_framework - INFO - linear: R² = 0.806, RMSE = 5.802
2025-05-31 09:35:24,546 - enhanced_regression_framework - INFO - Training ridge
2025-05-31 09:35:24,563 - enhanced_regression_framework - INFO - ridge: R² = 0.806, RMSE = 5.801
2025-05-31 09:35:24,563 - enhanced_regression_framework - INFO - Training random_forest
2025-05-31 09:35:24,805 - enhanced_regression_framework - INFO - random_forest: R² = 0.835, RMSE = 5.350
2025-05-31 09:35:24,805 - enhanced_regression_framework - INFO - Training gradient_boosting
2025-05-31 09:35:24,975 - enhanced_regression_framework - INFO - gradient_boosting: R² = 0.846, RMSE = 5.172
2025-05-31 09:35:24,975 - enhanced_regression_framework - INFO - Model evaluation complete. Best model: gradient_boosting
2025-05-31 09:35:24,975 - enhanced_regression_framework - INFO - Starting hyperparameter optimization
2025-05-31 09:35:29,081 - enhanced_regression_framework - INFO - Optimized gradient_boosting: Best CV score = 0.866
2025-05-31 09:35:29,170 - enhanced_regression_framework - INFO - gradient_boosting_optimized: R² = 0.845, RMSE = 5.189
2025-05-31 09:35:29,171 - enhanced_regression_framework - INFO - Hyperparameter optimization did not improve performance
2025-05-31 09:35:29,171 - enhanced_regression_framework - INFO - Starting model interpretation
2025-05-31 09:35:29,175 - enhanced_regression_framework - INFO - Model interpretation complete
2025-05-31 09:35:29,175 - enhanced_regression_framework - INFO - Creating visualizations
2025-05-31 09:35:29,221 - enhanced_regression_framework - INFO - Visualizations created successfully
2025-05-31 09:35:29,221 - enhanced_regression_framework - INFO - Creating deployment package
2025-05-31 09:35:29,225 - enhanced_regression_framework - ERROR - Deployment package creation failed: keys must be str, int, float, bool or None, not Float64DType
