2025-05-31 09:22:52,441 - enhanced_regression_framework - INFO - Starting complete regression workflow
2025-05-31 09:22:52,441 - enhanced_regression_framework - INFO - Starting data loading and validation
2025-05-31 09:22:52,455 - enhanced_regression_framework - INFO - Data loaded successfully: (1000, 6)
2025-05-31 09:22:52,456 - enhanced_regression_framework - INFO - Starting data preprocessing
2025-05-31 09:22:52,456 - enhanced_regression_framework - INFO - Found categorical columns: ['division', 'level of education']
2025-05-31 09:22:52,458 - enhanced_regression_framework - INFO - Preprocessing complete. Final features: 11
2025-05-31 09:22:52,458 - enhanced_regression_framework - INFO - Starting model training and evaluation
2025-05-31 09:22:52,459 - enhanced_regression_framework - INFO - Initialized 3 models: ['linear', 'ridge', 'random_forest']
2025-05-31 09:22:52,459 - enhanced_regression_framework - INFO - Training linear
2025-05-31 09:22:53,565 - enhanced_regression_framework - INFO - linear: R² = 0.957, RMSE = 22751.942
2025-05-31 09:22:53,566 - enhanced_regression_framework - INFO - Training ridge
2025-05-31 09:22:54,066 - enhanced_regression_framework - INFO - ridge: R² = 0.957, RMSE = 22749.640
2025-05-31 09:22:54,066 - enhanced_regression_framework - INFO - Training random_forest
2025-05-31 09:22:54,869 - enhanced_regression_framework - INFO - random_forest: R² = 0.925, RMSE = 30211.834
2025-05-31 09:22:54,871 - enhanced_regression_framework - INFO - Model evaluation complete. Best model: ridge
2025-05-31 09:22:54,871 - enhanced_regression_framework - INFO - Starting hyperparameter optimization
2025-05-31 09:22:55,349 - enhanced_regression_framework - INFO - Optimized ridge: Best CV score = 0.945
2025-05-31 09:22:55,365 - enhanced_regression_framework - INFO - ridge_optimized: R² = 0.957, RMSE = 22737.967
2025-05-31 09:22:55,365 - enhanced_regression_framework - INFO - Hyperparameter optimization did not improve performance
2025-05-31 09:22:55,365 - enhanced_regression_framework - INFO - Starting model interpretation
2025-05-31 09:22:55,370 - enhanced_regression_framework - INFO - Model interpretation complete
2025-05-31 09:22:55,370 - enhanced_regression_framework - INFO - Creating visualizations
2025-05-31 09:22:55,480 - enhanced_regression_framework - INFO - Visualizations created successfully
2025-05-31 09:22:55,480 - enhanced_regression_framework - INFO - Creating deployment package
2025-05-31 09:22:55,482 - enhanced_regression_framework - ERROR - Deployment package creation failed: keys must be str, int, float, bool or None, not Int64DType
