2025-05-31 10:49:42,204 - enhanced_regression_framework - INFO - Starting complete regression workflow
2025-05-31 10:49:42,204 - enhanced_regression_framework - INFO - Starting data loading and validation
2025-05-31 10:49:42,238 - enhanced_regression_framework - INFO - Data loaded successfully: (20640, 9)
2025-05-31 10:49:42,238 - enhanced_regression_framework - INFO - Starting data preprocessing
2025-05-31 10:49:42,240 - enhanced_regression_framework - INFO - Preprocessing complete. Final features: 8
2025-05-31 10:49:42,240 - enhanced_regression_framework - INFO - Starting model training and evaluation
2025-05-31 10:49:42,242 - enhanced_regression_framework - INFO - Initialized 3 models: ['linear', 'ridge', 'random_forest']
2025-05-31 10:49:42,242 - enhanced_regression_framework - INFO - Training linear
2025-05-31 10:49:43,597 - enhanced_regression_framework - INFO - linear: R² = 0.576, RMSE = 0.746
2025-05-31 10:49:43,597 - enhanced_regression_framework - INFO - Training ridge
2025-05-31 10:49:44,299 - enhanced_regression_framework - INFO - ridge: R² = 0.576, RMSE = 0.746
2025-05-31 10:49:44,299 - enhanced_regression_framework - INFO - Training random_forest
2025-05-31 10:49:50,701 - enhanced_regression_framework - INFO - random_forest: R² = 0.805, RMSE = 0.506
2025-05-31 10:49:50,703 - enhanced_regression_framework - INFO - Model evaluation complete. Best model: random_forest
2025-05-31 10:49:50,703 - enhanced_regression_framework - INFO - Starting hyperparameter optimization
2025-05-31 10:51:53,364 - enhanced_regression_framework - INFO - Optimized random_forest: Best CV score = 0.816
2025-05-31 10:51:58,242 - enhanced_regression_framework - INFO - random_forest_optimized: R² = 0.815, RMSE = 0.492
2025-05-31 10:51:58,242 - enhanced_regression_framework - INFO - Hyperparameter optimization improved R² by 0.0101
2025-05-31 10:51:58,242 - enhanced_regression_framework - INFO - Starting model interpretation
2025-05-31 10:51:58,331 - enhanced_regression_framework - INFO - Model interpretation complete
2025-05-31 10:51:58,331 - enhanced_regression_framework - INFO - Creating visualizations
2025-05-31 10:51:58,496 - enhanced_regression_framework - INFO - Visualizations created successfully
2025-05-31 10:51:58,496 - enhanced_regression_framework - INFO - Creating deployment package
2025-05-31 10:51:58,923 - enhanced_regression_framework - ERROR - Deployment package creation failed: keys must be str, int, float, bool or None, not Float64DType
