2025-05-30 17:44:45,910 - enhanced_regression_framework - INFO - Starting complete regression workflow
2025-05-30 17:44:45,911 - enhanced_regression_framework - INFO - Starting data loading and validation
2025-05-30 17:44:45,924 - enhanced_regression_framework - INFO - Data loaded successfully: (1000, 6)
2025-05-30 17:44:45,924 - enhanced_regression_framework - INFO - Starting data preprocessing
2025-05-30 17:44:45,925 - enhanced_regression_framework - INFO - Found categorical columns: ['division', 'level of education']
2025-05-30 17:44:45,928 - enhanced_regression_framework - INFO - Preprocessing complete. Final features: 11
2025-05-30 17:44:45,928 - enhanced_regression_framework - INFO - Starting model training and evaluation
2025-05-30 17:44:45,932 - enhanced_regression_framework - INFO - Initialized 5 models: ['linear', 'ridge', 'random_forest', 'gradient_boosting', 'svr']
2025-05-30 17:44:45,932 - enhanced_regression_framework - INFO - Training linear
2025-05-30 17:44:47,080 - enhanced_regression_framework - INFO - linear: R² = 0.957, RMSE = 22751.942
2025-05-30 17:44:47,080 - enhanced_regression_framework - INFO - Training ridge
2025-05-30 17:44:47,634 - enhanced_regression_framework - INFO - ridge: R² = 0.957, RMSE = 22749.640
2025-05-30 17:44:47,634 - enhanced_regression_framework - INFO - Training random_forest
2025-05-30 17:44:47,887 - enhanced_regression_framework - INFO - random_forest: R² = 0.925, RMSE = 30211.834
2025-05-30 17:44:47,887 - enhanced_regression_framework - INFO - Training gradient_boosting
2025-05-30 17:44:48,521 - enhanced_regression_framework - INFO - gradient_boosting: R² = 0.943, RMSE = 26247.655
2025-05-30 17:44:48,522 - enhanced_regression_framework - INFO - Training svr
2025-05-30 17:44:49,015 - enhanced_regression_framework - INFO - svr: R² = -0.000, RMSE = 110194.841
2025-05-30 17:44:49,017 - enhanced_regression_framework - INFO - Model evaluation complete. Best model: ridge
2025-05-30 17:44:49,017 - enhanced_regression_framework - INFO - Starting hyperparameter optimization
2025-05-30 17:44:49,046 - enhanced_regression_framework - INFO - Optimized ridge: Best CV score = 0.945
2025-05-30 17:44:49,061 - enhanced_regression_framework - INFO - ridge_optimized: R² = 0.957, RMSE = 22737.967
2025-05-30 17:44:49,061 - enhanced_regression_framework - INFO - Hyperparameter optimization did not improve performance
2025-05-30 17:44:49,061 - enhanced_regression_framework - INFO - Starting model interpretation
2025-05-30 17:44:49,065 - enhanced_regression_framework - INFO - Model interpretation complete
2025-05-30 17:44:49,066 - enhanced_regression_framework - INFO - Creating visualizations
2025-05-30 17:44:49,197 - enhanced_regression_framework - INFO - Visualizations created successfully
2025-05-30 17:44:49,197 - enhanced_regression_framework - INFO - Creating deployment package
2025-05-30 17:44:49,199 - enhanced_regression_framework - ERROR - Deployment package creation failed: keys must be str, int, float, bool or None, not Int64DType
