2025-05-31 09:34:22,084 - enhanced_regression_framework - INFO - Starting complete regression workflow
2025-05-31 09:34:22,084 - enhanced_regression_framework - INFO - Starting data loading and validation
2025-05-31 09:34:22,103 - enhanced_regression_framework - INFO - Data loaded successfully: (800, 6)
2025-05-31 09:34:22,103 - enhanced_regression_framework - INFO - Starting data preprocessing
2025-05-31 09:34:22,105 - enhanced_regression_framework - INFO - Preprocessing complete. Final features: 5
2025-05-31 09:34:22,105 - enhanced_regression_framework - INFO - Starting model training and evaluation
2025-05-31 09:34:22,107 - enhanced_regression_framework - INFO - Initialized 3 models: ['linear', 'ridge', 'random_forest']
2025-05-31 09:34:22,107 - enhanced_regression_framework - INFO - Training linear
2025-05-31 09:34:23,238 - enhanced_regression_framework - INFO - linear: R² = 0.787, RMSE = 5.799
2025-05-31 09:34:23,238 - enhanced_regression_framework - INFO - Training ridge
2025-05-31 09:34:23,693 - enhanced_regression_framework - INFO - ridge: R² = 0.788, RMSE = 5.797
2025-05-31 09:34:23,693 - enhanced_regression_framework - INFO - Training random_forest
2025-05-31 09:34:24,415 - enhanced_regression_framework - INFO - random_forest: R² = 0.838, RMSE = 5.061
2025-05-31 09:34:24,416 - enhanced_regression_framework - INFO - Model evaluation complete. Best model: random_forest
2025-05-31 09:34:24,416 - enhanced_regression_framework - INFO - Starting hyperparameter optimization
2025-05-31 09:34:29,900 - enhanced_regression_framework - INFO - Optimized random_forest: Best CV score = 0.856
2025-05-31 09:34:30,237 - enhanced_regression_framework - INFO - random_forest_optimized: R² = 0.837, RMSE = 5.077
2025-05-31 09:34:30,238 - enhanced_regression_framework - INFO - Hyperparameter optimization did not improve performance
2025-05-31 09:34:30,238 - enhanced_regression_framework - INFO - Starting model interpretation
2025-05-31 09:34:30,283 - enhanced_regression_framework - INFO - Model interpretation complete
2025-05-31 09:34:30,283 - enhanced_regression_framework - INFO - Creating visualizations
2025-05-31 09:34:30,422 - enhanced_regression_framework - INFO - Visualizations created successfully
2025-05-31 09:34:30,422 - enhanced_regression_framework - INFO - Creating deployment package
2025-05-31 09:34:30,445 - enhanced_regression_framework - ERROR - Deployment package creation failed: keys must be str, int, float, bool or None, not Float64DType
2025-05-31 09:35:00,059 - enhanced_regression_framework - INFO - Starting complete regression workflow
2025-05-31 09:35:00,061 - enhanced_regression_framework - INFO - Starting data loading and validation
2025-05-31 09:35:00,075 - enhanced_regression_framework - INFO - Data loaded successfully: (800, 6)
2025-05-31 09:35:00,075 - enhanced_regression_framework - INFO - Starting data preprocessing
2025-05-31 09:35:00,076 - enhanced_regression_framework - INFO - Preprocessing complete. Final features: 5
2025-05-31 09:35:00,077 - enhanced_regression_framework - INFO - Starting model training and evaluation
2025-05-31 09:35:00,078 - enhanced_regression_framework - INFO - Initialized 4 models: ['linear', 'ridge', 'random_forest', 'gradient_boosting']
2025-05-31 09:35:00,079 - enhanced_regression_framework - INFO - Training linear
2025-05-31 09:35:00,110 - enhanced_regression_framework - INFO - linear: R² = 0.787, RMSE = 5.799
2025-05-31 09:35:00,111 - enhanced_regression_framework - INFO - Training ridge
2025-05-31 09:35:00,126 - enhanced_regression_framework - INFO - ridge: R² = 0.788, RMSE = 5.797
2025-05-31 09:35:00,126 - enhanced_regression_framework - INFO - Training random_forest
2025-05-31 09:35:00,339 - enhanced_regression_framework - INFO - random_forest: R² = 0.838, RMSE = 5.061
2025-05-31 09:35:00,339 - enhanced_regression_framework - INFO - Training gradient_boosting
2025-05-31 09:35:00,506 - enhanced_regression_framework - INFO - gradient_boosting: R² = 0.839, RMSE = 5.046
2025-05-31 09:35:00,506 - enhanced_regression_framework - INFO - Model evaluation complete. Best model: gradient_boosting
2025-05-31 09:35:00,506 - enhanced_regression_framework - INFO - Starting hyperparameter optimization
2025-05-31 09:35:03,479 - enhanced_regression_framework - INFO - Optimized gradient_boosting: Best CV score = 0.870
2025-05-31 09:35:03,556 - enhanced_regression_framework - INFO - gradient_boosting_optimized: R² = 0.859, RMSE = 4.724
2025-05-31 09:35:03,556 - enhanced_regression_framework - INFO - Hyperparameter optimization improved R² by 0.0199
2025-05-31 09:35:03,556 - enhanced_regression_framework - INFO - Starting model interpretation
2025-05-31 09:35:03,560 - enhanced_regression_framework - INFO - Model interpretation complete
2025-05-31 09:35:03,560 - enhanced_regression_framework - INFO - Creating visualizations
2025-05-31 09:35:03,606 - enhanced_regression_framework - INFO - Visualizations created successfully
2025-05-31 09:35:03,606 - enhanced_regression_framework - INFO - Creating deployment package
2025-05-31 09:35:03,610 - enhanced_regression_framework - ERROR - Deployment package creation failed: keys must be str, int, float, bool or None, not Float64DType
2025-05-31 09:35:24,510 - enhanced_regression_framework - INFO - Starting complete regression workflow
2025-05-31 09:35:24,513 - enhanced_regression_framework - INFO - Starting data loading and validation
2025-05-31 09:35:24,523 - enhanced_regression_framework - INFO - Data loaded successfully: (800, 6)
2025-05-31 09:35:24,523 - enhanced_regression_framework - INFO - Starting data preprocessing
2025-05-31 09:35:24,524 - enhanced_regression_framework - INFO - Preprocessing complete. Final features: 5
2025-05-31 09:35:24,524 - enhanced_regression_framework - INFO - Starting model training and evaluation
2025-05-31 09:35:24,525 - enhanced_regression_framework - INFO - Initialized 4 models: ['linear', 'ridge', 'random_forest', 'gradient_boosting']
2025-05-31 09:35:24,525 - enhanced_regression_framework - INFO - Training linear
2025-05-31 09:35:24,545 - enhanced_regression_framework - INFO - linear: R² = 0.806, RMSE = 5.802
2025-05-31 09:35:24,546 - enhanced_regression_framework - INFO - Training ridge
2025-05-31 09:35:24,563 - enhanced_regression_framework - INFO - ridge: R² = 0.806, RMSE = 5.801
2025-05-31 09:35:24,563 - enhanced_regression_framework - INFO - Training random_forest
2025-05-31 09:35:24,805 - enhanced_regression_framework - INFO - random_forest: R² = 0.835, RMSE = 5.350
2025-05-31 09:35:24,805 - enhanced_regression_framework - INFO - Training gradient_boosting
2025-05-31 09:35:24,975 - enhanced_regression_framework - INFO - gradient_boosting: R² = 0.846, RMSE = 5.172
2025-05-31 09:35:24,975 - enhanced_regression_framework - INFO - Model evaluation complete. Best model: gradient_boosting
2025-05-31 09:35:24,975 - enhanced_regression_framework - INFO - Starting hyperparameter optimization
2025-05-31 09:35:29,081 - enhanced_regression_framework - INFO - Optimized gradient_boosting: Best CV score = 0.866
2025-05-31 09:35:29,170 - enhanced_regression_framework - INFO - gradient_boosting_optimized: R² = 0.845, RMSE = 5.189
2025-05-31 09:35:29,171 - enhanced_regression_framework - INFO - Hyperparameter optimization did not improve performance
2025-05-31 09:35:29,171 - enhanced_regression_framework - INFO - Starting model interpretation
2025-05-31 09:35:29,175 - enhanced_regression_framework - INFO - Model interpretation complete
2025-05-31 09:35:29,175 - enhanced_regression_framework - INFO - Creating visualizations
2025-05-31 09:35:29,221 - enhanced_regression_framework - INFO - Visualizations created successfully
2025-05-31 09:35:29,221 - enhanced_regression_framework - INFO - Creating deployment package
2025-05-31 09:35:29,225 - enhanced_regression_framework - ERROR - Deployment package creation failed: keys must be str, int, float, bool or None, not Float64DType
